#! /c/Source/iverilog-install/bin/vvp
:ivl_version "12.0 (devel)" "(s20150603-1539-g2693dd32b)";
:ivl_delay_selection "TYPICAL";
:vpi_time_precision - 12;
:vpi_module "C:\Users\lengo\scoop\apps\iverilog\current\lib\ivl\system.vpi";
:vpi_module "C:\Users\lengo\scoop\apps\iverilog\current\lib\ivl\vhdl_sys.vpi";
:vpi_module "C:\Users\lengo\scoop\apps\iverilog\current\lib\ivl\vhdl_textio.vpi";
:vpi_module "C:\Users\lengo\scoop\apps\iverilog\current\lib\ivl\v2005_math.vpi";
:vpi_module "C:\Users\lengo\scoop\apps\iverilog\current\lib\ivl\va_math.vpi";
:vpi_module "C:\Users\lengo\scoop\apps\iverilog\current\lib\ivl\v2009.vpi";
S_00000257fbbe46f0 .scope package, "$unit" "$unit" 2 1;
 .timescale 0 0;
S_00000257fbbde120 .scope module, "tb_cpu_top" "tb_cpu_top" 3 11;
 .timescale -9 -12;
v00000257fbeeef00_0 .var/2u "capturing_fib", 0 0;
v00000257fbeef680_0 .var "clk", 0 0;
v00000257fbeef900_0 .var/2s "fail_count", 31 0;
v00000257fbeef9a0_0 .var/2s "fib_cnt", 31 0;
v00000257fbef1ff0 .array "fib_seq", 7 0, 3 0;
v00000257fbef1230_0 .net "halt_out", 0 0, L_00000257fbba62a0;  1 drivers
v00000257fbef0790_0 .net "out_port", 3 0, L_00000257fbba5f20;  1 drivers
v00000257fbef1550_0 .var/2s "pass_count", 31 0;
v00000257fbef0dd0_0 .var "prev_opcode", 3 0;
v00000257fbef03d0_0 .var "rst_n", 0 0;
S_00000257fbbe12a0 .scope begin, "$ivl_for_loop0" "$ivl_for_loop0" 3 124, 3 124 0, S_00000257fbbde120;
 .timescale -9 -12;
v00000257fbbd7710_0 .var/2s "i", 31 0;
S_00000257fbbe1430 .scope begin, "$unm_blk_14" "$unm_blk_14" 3 131, 3 131 0, S_00000257fbbde120;
 .timescale -9 -12;
v00000257fbbd8c50_0 .var/2u "seq_ok", 0 0;
S_00000257fbb99a40 .scope task, "run_demo" "run_demo" 3 51, 3 51 0, S_00000257fbbde120;
 .timescale -9 -12;
v00000257fbbd82f0_0 .var/2s "cyc", 31 0;
v00000257fbbd8390_0 .var/str "hex_path";
v00000257fbbd81b0_0 .var/str "name";
v00000257fbbd7c10_0 .var "ram_a", 3 0;
v00000257fbbd7850_0 .var "ram_b", 3 0;
v00000257fbbd7350_0 .var/2u "use_ram", 0 0;
E_00000257fbbcf180 .event posedge, v00000257fbeedc10_0;
TD_tb_cpu_top.run_demo ;
    %vpi_call/w 3 58 "$display", "---- %s ----", v00000257fbbd81b0_0 {0 0 0};
    %pushi/vec4 0, 0, 1;
    %store/vec4 v00000257fbef03d0_0, 0, 1;
    %delay 12000, 0;
    %load/str v00000257fbbd8390_0;
    %store/str v00000257fbeec6d0_0;
    %fork TD_tb_cpu_top.uut.load_program, S_00000257fbc1e300;
    %join;
    %load/vec4 v00000257fbbd7350_0;
    %flag_set/vec4 8;
    %jmp/0xz  T_0.0, 8;
    %load/vec4 v00000257fbbd7c10_0;
    %store/vec4 v00000257fbeed990_0, 0, 4;
    %load/vec4 v00000257fbbd7850_0;
    %store/vec4 v00000257fbeecc70_0, 0, 4;
    %fork TD_tb_cpu_top.uut.preload_ram, S_00000257fbc1e620;
    %join;
    %jmp T_0.1;
T_0.0 ;
    %fork TD_tb_cpu_top.uut.clear_ram, S_00000257fbb85990;
    %join;
T_0.1 ;
    %pushi/vec4 1, 0, 1;
    %store/vec4 v00000257fbef03d0_0, 0, 1;
    %pushi/vec4 0, 0, 32;
    %store/vec4 v00000257fbbd82f0_0, 0, 32;
T_0.2 ;
    %load/vec4 v00000257fbef1230_0;
    %nor/r;
    %flag_set/vec4 9;
    %flag_get/vec4 9;
    %jmp/0 T_0.4, 9;
    %load/vec4 v00000257fbbd82f0_0;
    %cmpi/s 300, 0, 32;
    %flag_get/vec4 5;
    %and;
T_0.4;
    %flag_set/vec4 8;
    %jmp/0xz T_0.3, 8;
    %wait E_00000257fbbcf180;
    %load/vec4 v00000257fbbd82f0_0;
    %addi 1, 0, 32;
    %cast2;
    %store/vec4 v00000257fbbd82f0_0, 0, 32;
    %jmp T_0.2;
T_0.3 ;
    %load/vec4 v00000257fbef1230_0;
    %nor/r;
    %flag_set/vec4 8;
    %jmp/0xz  T_0.5, 8;
    %vpi_call/w 3 75 "$display", "[FAIL] %s : timeout after %0d cycles", v00000257fbbd81b0_0, v00000257fbbd82f0_0 {0 0 0};
    %load/vec4 v00000257fbeef900_0;
    %addi 1, 0, 32;
    %cast2;
    %store/vec4 v00000257fbeef900_0, 0, 32;
    %jmp T_0.6;
T_0.5 ;
    %vpi_call/w 3 78 "$display", "[PASS] %s : halt after %0d cycles, out_port=%0d (0x%h)", v00000257fbbd81b0_0, v00000257fbbd82f0_0, v00000257fbef0790_0, v00000257fbef0790_0 {0 0 0};
    %load/vec4 v00000257fbef1550_0;
    %addi 1, 0, 32;
    %cast2;
    %store/vec4 v00000257fbef1550_0, 0, 32;
T_0.6 ;
    %end;
S_00000257fbb99bd0 .scope module, "uut" "cpu_top" 3 18, 4 3 0, S_00000257fbbde120;
 .timescale -9 -12;
    .port_info 0 /INPUT 1 "clk";
    .port_info 1 /INPUT 1 "rst_n";
    .port_info 2 /OUTPUT 4 "out_port";
    .port_info 3 /OUTPUT 1 "halt_out";
    .port_info 4 /OUTPUT 4 "debug_r0";
L_00000257fbba5c80 .functor BUFZ 4, L_00000257fbef05b0, C4<0000>, C4<0000>, C4<0000>;
L_00000257fbba5e40 .functor NOT 1, L_00000257fbef1eb0, C4<0>, C4<0>, C4<0>;
L_00000257fbba5f20 .functor BUFZ 4, v00000257fbeef360_0, C4<0000>, C4<0000>, C4<0000>;
L_00000257fbba62a0 .functor BUFZ 1, L_00000257fbef1eb0, C4<0>, C4<0>, C4<0>;
L_00000257fbba61c0 .functor BUFZ 4, v00000257fbeed170_0, C4<0000>, C4<0000>, C4<0000>;
v00000257fbeeda30_0 .net *"_ivl_10", 0 0, L_00000257fbef15f0;  1 drivers
v00000257fbeecdb0_0 .net *"_ivl_13", 1 0, L_00000257fbef1690;  1 drivers
L_00000257fbef2310 .functor BUFT 1, C4<00>, C4<0>, C4<0>, C4<0>;
v00000257fbeecef0_0 .net/2u *"_ivl_14", 1 0, L_00000257fbef2310;  1 drivers
L_00000257fbef2358 .functor BUFT 1, C4<0010>, C4<0>, C4<0>, C4<0>;
v00000257fbeecf90_0 .net/2u *"_ivl_18", 3 0, L_00000257fbef2358;  1 drivers
v00000257fbeed5d0_0 .net *"_ivl_20", 0 0, L_00000257fbef1910;  1 drivers
L_00000257fbef23a0 .functor BUFT 1, C4<00>, C4<0>, C4<0>, C4<0>;
v00000257fbeed670_0 .net/2u *"_ivl_22", 1 0, L_00000257fbef23a0;  1 drivers
L_00000257fbef23e8 .functor BUFT 1, C4<1110>, C4<0>, C4<0>, C4<0>;
v00000257fbeee280_0 .net/2u *"_ivl_24", 3 0, L_00000257fbef23e8;  1 drivers
v00000257fbeefe00_0 .net *"_ivl_26", 0 0, L_00000257fbef0650;  1 drivers
v00000257fbeefc20_0 .net *"_ivl_29", 1 0, L_00000257fbef19b0;  1 drivers
v00000257fbeef4a0_0 .net *"_ivl_31", 1 0, L_00000257fbef0b50;  1 drivers
v00000257fbeefcc0_0 .net *"_ivl_32", 1 0, L_00000257fbef01f0;  1 drivers
v00000257fbeefea0_0 .net *"_ivl_38", 3 0, L_00000257fbef06f0;  1 drivers
L_00000257fbef2508 .functor BUFT 1, C4<0001>, C4<0>, C4<0>, C4<0>;
v00000257fbeefb80_0 .net/2u *"_ivl_44", 3 0, L_00000257fbef2508;  1 drivers
v00000257fbeefae0_0 .net *"_ivl_46", 3 0, L_00000257fbef1730;  1 drivers
L_00000257fbef2550 .functor BUFT 1, C4<1111>, C4<0>, C4<0>, C4<0>;
v00000257fbeeff40_0 .net/2u *"_ivl_50", 3 0, L_00000257fbef2550;  1 drivers
L_00000257fbef22c8 .functor BUFT 1, C4<01>, C4<0>, C4<0>, C4<0>;
v00000257fbeefa40_0 .net/2u *"_ivl_8", 1 0, L_00000257fbef22c8;  1 drivers
v00000257fbeef0e0_0 .net "alu_b", 3 0, L_00000257fbef1af0;  1 drivers
v00000257fbeeeaa0_0 .net "alu_op", 2 0, v00000257fbbd8b10_0;  1 drivers
v00000257fbeef040_0 .net "alu_result", 3 0, v00000257fbbd7b70_0;  1 drivers
v00000257fbeeefa0_0 .net "alu_src", 0 0, v00000257fbbd8bb0_0;  1 drivers
v00000257fbeee500_0 .net "carry", 0 0, v00000257fbbd8430_0;  1 drivers
v00000257fbeeebe0_0 .net "clk", 0 0, v00000257fbeef680_0;  1 drivers
v00000257fbeefd60_0 .net "debug_r0", 3 0, L_00000257fbba61c0;  1 drivers
v00000257fbeeffe0_0 .net "halt", 0 0, L_00000257fbef1eb0;  1 drivers
v00000257fbeee140_0 .net "halt_out", 0 0, L_00000257fbba62a0;  alias, 1 drivers
v00000257fbeef720_0 .net "imm_mode", 0 0, L_00000257fbef1870;  1 drivers
v00000257fbeef2c0_0 .net "imm_val", 3 0, L_00000257fbba5c80;  1 drivers
v00000257fbeef400_0 .net "instruction", 8 0, L_00000257fbba5d60;  1 drivers
v00000257fbeee1e0_0 .net "mem_read", 0 0, v00000257fbbd8d90_0;  1 drivers
v00000257fbeef180_0 .net "mem_read_data", 3 0, L_00000257fbef1e10;  1 drivers
v00000257fbeee5a0_0 .net "mem_to_reg", 0 0, v00000257fbbd8ed0_0;  1 drivers
v00000257fbeee640_0 .net "mem_write", 0 0, v00000257fbbd8f70_0;  1 drivers
v00000257fbeee460_0 .net "negative", 0 0, L_00000257fbef0e70;  1 drivers
v00000257fbeef7c0_0 .var "negative_r", 0 0;
v00000257fbeee320_0 .net "opcode", 3 0, L_00000257fbef17d0;  1 drivers
v00000257fbeee960_0 .net "operand", 3 0, L_00000257fbef05b0;  1 drivers
v00000257fbeeec80_0 .net "out_port", 3 0, L_00000257fbba5f20;  alias, 1 drivers
v00000257fbeef360_0 .var "out_reg", 3 0;
v00000257fbeee8c0_0 .net "pc", 3 0, v00000257fbeec810_0;  1 drivers
v00000257fbeee820_0 .net "pc_next", 3 0, L_00000257fbef0290;  1 drivers
v00000257fbeee3c0_0 .net "pc_src", 0 0, L_00000257fbef1c30;  1 drivers
v00000257fbeee6e0_0 .net "pc_write", 0 0, L_00000257fbba5e40;  1 drivers
v00000257fbeef540_0 .net "read_data1", 3 0, v00000257fbeedf30_0;  1 drivers
v00000257fbeee780_0 .net "read_data2", 3 0, v00000257fbeec450_0;  1 drivers
v00000257fbeeea00_0 .net "read_reg1_mux", 1 0, L_00000257fbef0f10;  1 drivers
v00000257fbeeeb40_0 .net "reg_sel", 1 0, v00000257fbbc8330_0;  1 drivers
v00000257fbeef220_0 .net "reg_write", 0 0, v00000257fbeec270_0;  1 drivers
v00000257fbeeed20_0 .net "rst_n", 0 0, v00000257fbef03d0_0;  1 drivers
v00000257fbeeedc0_0 .net "write_data", 3 0, L_00000257fbef0830;  1 drivers
v00000257fbeeee60_0 .net "write_reg", 1 0, L_00000257fbef0150;  1 drivers
v00000257fbeef860_0 .net "zero", 0 0, L_00000257fbef1d70;  1 drivers
v00000257fbeef5e0_0 .var "zero_r", 0 0;
L_00000257fbef17d0 .part L_00000257fbba5d60, 4, 4;
L_00000257fbef05b0 .part L_00000257fbba5d60, 0, 4;
L_00000257fbef1870 .part L_00000257fbba5d60, 8, 1;
L_00000257fbef15f0 .cmp/eq 2, v00000257fbbc8330_0, L_00000257fbef22c8;
L_00000257fbef1690 .part L_00000257fbef05b0, 2, 2;
L_00000257fbef0150 .functor MUXZ 2, L_00000257fbef2310, L_00000257fbef1690, L_00000257fbef15f0, C4<>;
L_00000257fbef1910 .cmp/eq 4, L_00000257fbef17d0, L_00000257fbef2358;
L_00000257fbef0650 .cmp/eq 4, L_00000257fbef17d0, L_00000257fbef23e8;
L_00000257fbef19b0 .part L_00000257fbef05b0, 0, 2;
L_00000257fbef0b50 .part L_00000257fbef05b0, 2, 2;
L_00000257fbef01f0 .functor MUXZ 2, L_00000257fbef0b50, L_00000257fbef19b0, L_00000257fbef0650, C4<>;
L_00000257fbef0f10 .functor MUXZ 2, L_00000257fbef01f0, L_00000257fbef23a0, L_00000257fbef1910, C4<>;
L_00000257fbef1a50 .part L_00000257fbef05b0, 0, 2;
L_00000257fbef06f0 .functor MUXZ 4, L_00000257fbef05b0, L_00000257fbba5c80, L_00000257fbef1870, C4<>;
L_00000257fbef1af0 .functor MUXZ 4, v00000257fbeec450_0, L_00000257fbef06f0, v00000257fbbd8bb0_0, C4<>;
L_00000257fbef0830 .functor MUXZ 4, v00000257fbbd7b70_0, L_00000257fbef1e10, v00000257fbbd8ed0_0, C4<>;
L_00000257fbef1730 .arith/sum 4, v00000257fbeec810_0, L_00000257fbef2508;
L_00000257fbef0290 .functor MUXZ 4, L_00000257fbef1730, L_00000257fbef05b0, L_00000257fbef1c30, C4<>;
L_00000257fbef1eb0 .cmp/eq 4, L_00000257fbef17d0, L_00000257fbef2550;
S_00000257fbb85800 .scope module, "alu" "alu_4bit" 4 123, 5 3 0, S_00000257fbb99bd0;
 .timescale -9 -12;
    .port_info 0 /INPUT 4 "a";
    .port_info 1 /INPUT 4 "b";
    .port_info 2 /INPUT 3 "op";
    .port_info 3 /OUTPUT 4 "result";
    .port_info 4 /OUTPUT 1 "zero";
    .port_info 5 /OUTPUT 1 "negative";
    .port_info 6 /OUTPUT 1 "carry";
L_00000257fbef2430 .functor BUFT 1, C4<0000>, C4<0>, C4<0>, C4<0>;
v00000257fbbd8e30_0 .net/2u *"_ivl_0", 3 0, L_00000257fbef2430;  1 drivers
v00000257fbbd7a30_0 .net "a", 3 0, v00000257fbeedf30_0;  alias, 1 drivers
v00000257fbbd7ad0_0 .net "b", 3 0, L_00000257fbef1af0;  alias, 1 drivers
v00000257fbbd8430_0 .var "carry", 0 0;
v00000257fbbd7fd0_0 .net "negative", 0 0, L_00000257fbef0e70;  alias, 1 drivers
v00000257fbbd73f0_0 .net "op", 2 0, v00000257fbbd8b10_0;  alias, 1 drivers
v00000257fbbd7b70_0 .var "result", 3 0;
v00000257fbbd7490_0 .net "zero", 0 0, L_00000257fbef1d70;  alias, 1 drivers
E_00000257fbbced80 .event anyedge, v00000257fbbd73f0_0, v00000257fbbd7ad0_0, v00000257fbbd7a30_0;
L_00000257fbef1d70 .cmp/eq 4, v00000257fbbd7b70_0, L_00000257fbef2430;
L_00000257fbef0e70 .part v00000257fbbd7b70_0, 3, 1;
S_00000257fbb85990 .scope task, "clear_ram" "clear_ram" 4 198, 4 198 0, S_00000257fbb99bd0;
 .timescale -9 -12;
TD_tb_cpu_top.uut.clear_ram ;
    %pushi/vec4 0, 0, 4;
    %ix/load 4, 10, 0;
    %flag_set/imm 4, 0;
    %store/vec4a v00000257fbeed0d0, 4, 0;
    %pushi/vec4 0, 0, 4;
    %ix/load 4, 11, 0;
    %flag_set/imm 4, 0;
    %store/vec4a v00000257fbeed0d0, 4, 0;
    %end;
S_00000257fbb71160 .scope module, "ctrl" "control_unit" 4 79, 6 3 0, S_00000257fbb99bd0;
 .timescale -9 -12;
    .port_info 0 /INPUT 4 "opcode";
    .port_info 1 /INPUT 1 "zero";
    .port_info 2 /INPUT 1 "negative";
    .port_info 3 /INPUT 1 "imm_mode";
    .port_info 4 /OUTPUT 1 "reg_write";
    .port_info 5 /OUTPUT 1 "mem_read";
    .port_info 6 /OUTPUT 1 "mem_write";
    .port_info 7 /OUTPUT 1 "mem_to_reg";
    .port_info 8 /OUTPUT 1 "alu_src";
    .port_info 9 /OUTPUT 3 "alu_op";
    .port_info 10 /OUTPUT 1 "pc_src";
    .port_info 11 /OUTPUT 2 "reg_sel";
L_00000257fbef2160 .functor BUFT 1, C4<1011>, C4<0>, C4<0>, C4<0>;
v00000257fbbd8070_0 .net/2u *"_ivl_0", 3 0, L_00000257fbef2160;  1 drivers
L_00000257fbef2238 .functor BUFT 1, C4<1101>, C4<0>, C4<0>, C4<0>;
v00000257fbbd8110_0 .net/2u *"_ivl_10", 3 0, L_00000257fbef2238;  1 drivers
v00000257fbbd84d0_0 .net *"_ivl_12", 0 0, L_00000257fbef1370;  1 drivers
L_00000257fbef2280 .functor BUFT 1, C4<0>, C4<0>, C4<0>, C4<0>;
v00000257fbbd86b0_0 .net/2u *"_ivl_14", 0 0, L_00000257fbef2280;  1 drivers
v00000257fbbd9150_0 .net *"_ivl_16", 0 0, L_00000257fbef1cd0;  1 drivers
v00000257fbbd89d0_0 .net *"_ivl_18", 0 0, L_00000257fbef0970;  1 drivers
v00000257fbbd8750_0 .net *"_ivl_2", 0 0, L_00000257fbef1b90;  1 drivers
L_00000257fbef21a8 .functor BUFT 1, C4<1>, C4<0>, C4<0>, C4<0>;
v00000257fbbd87f0_0 .net/2u *"_ivl_4", 0 0, L_00000257fbef21a8;  1 drivers
L_00000257fbef21f0 .functor BUFT 1, C4<1100>, C4<0>, C4<0>, C4<0>;
v00000257fbbd8890_0 .net/2u *"_ivl_6", 3 0, L_00000257fbef21f0;  1 drivers
v00000257fbbd8a70_0 .net *"_ivl_8", 0 0, L_00000257fbef1410;  1 drivers
v00000257fbbd8b10_0 .var "alu_op", 2 0;
v00000257fbbd8bb0_0 .var "alu_src", 0 0;
v00000257fbbd8cf0_0 .net "imm_mode", 0 0, L_00000257fbef1870;  alias, 1 drivers
v00000257fbbd8d90_0 .var "mem_read", 0 0;
v00000257fbbd8ed0_0 .var "mem_to_reg", 0 0;
v00000257fbbd8f70_0 .var "mem_write", 0 0;
v00000257fbbd9010_0 .net "negative", 0 0, v00000257fbeef7c0_0;  1 drivers
v00000257fbbd90b0_0 .net "opcode", 3 0, L_00000257fbef17d0;  alias, 1 drivers
v00000257fbbc8290_0 .net "pc_src", 0 0, L_00000257fbef1c30;  alias, 1 drivers
v00000257fbbc8330_0 .var "reg_sel", 1 0;
v00000257fbeec270_0 .var "reg_write", 0 0;
v00000257fbeec9f0_0 .net "zero", 0 0, v00000257fbeef5e0_0;  1 drivers
E_00000257fbbce440 .event anyedge, v00000257fbbd8cf0_0, v00000257fbbd90b0_0;
L_00000257fbef1b90 .cmp/eq 4, L_00000257fbef17d0, L_00000257fbef2160;
L_00000257fbef1410 .cmp/eq 4, L_00000257fbef17d0, L_00000257fbef21f0;
L_00000257fbef1370 .cmp/eq 4, L_00000257fbef17d0, L_00000257fbef2238;
L_00000257fbef1cd0 .functor MUXZ 1, L_00000257fbef2280, v00000257fbeef7c0_0, L_00000257fbef1370, C4<>;
L_00000257fbef0970 .functor MUXZ 1, L_00000257fbef1cd0, v00000257fbeef5e0_0, L_00000257fbef1410, C4<>;
L_00000257fbef1c30 .functor MUXZ 1, L_00000257fbef0970, L_00000257fbef21a8, L_00000257fbef1b90, C4<>;
S_00000257fbb712f0 .scope module, "dmem" "data_memory" 4 148, 7 3 0, S_00000257fbb99bd0;
 .timescale -9 -12;
    .port_info 0 /INPUT 1 "clk";
    .port_info 1 /INPUT 1 "mem_read";
    .port_info 2 /INPUT 1 "mem_write";
    .port_info 3 /INPUT 4 "addr";
    .port_info 4 /INPUT 4 "write_data";
    .port_info 5 /OUTPUT 4 "read_data";
v00000257fbeed710_0 .net *"_ivl_0", 3 0, L_00000257fbef14b0;  1 drivers
v00000257fbeed030_0 .net *"_ivl_2", 5 0, L_00000257fbef1f50;  1 drivers
L_00000257fbef2478 .functor BUFT 1, C4<00>, C4<0>, C4<0>, C4<0>;
v00000257fbeed210_0 .net *"_ivl_5", 1 0, L_00000257fbef2478;  1 drivers
L_00000257fbef24c0 .functor BUFT 1, C4<0000>, C4<0>, C4<0>, C4<0>;
v00000257fbeeddf0_0 .net/2u *"_ivl_6", 3 0, L_00000257fbef24c0;  1 drivers
v00000257fbeec590_0 .net "addr", 3 0, L_00000257fbef05b0;  alias, 1 drivers
v00000257fbeedc10_0 .net "clk", 0 0, v00000257fbeef680_0;  alias, 1 drivers
v00000257fbeec310_0 .net "mem_read", 0 0, v00000257fbbd8d90_0;  alias, 1 drivers
v00000257fbeec630_0 .net "mem_write", 0 0, v00000257fbbd8f70_0;  alias, 1 drivers
v00000257fbeed0d0 .array "ram", 15 0, 3 0;
v00000257fbeedad0_0 .net "read_data", 3 0, L_00000257fbef1e10;  alias, 1 drivers
v00000257fbeec3b0_0 .net "write_data", 3 0, v00000257fbeedf30_0;  alias, 1 drivers
L_00000257fbef14b0 .array/port v00000257fbeed0d0, L_00000257fbef1f50;
L_00000257fbef1f50 .concat [ 4 2 0 0], L_00000257fbef05b0, L_00000257fbef2478;
L_00000257fbef1e10 .functor MUXZ 4, L_00000257fbef24c0, L_00000257fbef14b0, v00000257fbbd8d90_0, C4<>;
S_00000257fbb6dec0 .scope begin, "$ivl_for_loop1" "$ivl_for_loop1" 7 16, 7 16 0, S_00000257fbb712f0;
 .timescale -9 -12;
v00000257fbeedcb0_0 .var/2s "i", 31 0;
S_00000257fbb6e050 .scope module, "imem" "instruction_memory" 4 61, 8 3 0, S_00000257fbb99bd0;
 .timescale -9 -12;
    .port_info 0 /INPUT 4 "addr";
    .port_info 1 /OUTPUT 9 "instruction";
L_00000257fbba5d60 .functor BUFZ 9, L_00000257fbef0330, C4<000000000>, C4<000000000>, C4<000000000>;
v00000257fbeedfd0_0 .net *"_ivl_0", 8 0, L_00000257fbef0330;  1 drivers
v00000257fbeed2b0_0 .net *"_ivl_2", 5 0, L_00000257fbef0bf0;  1 drivers
L_00000257fbef2118 .functor BUFT 1, C4<00>, C4<0>, C4<0>, C4<0>;
v00000257fbeed8f0_0 .net *"_ivl_5", 1 0, L_00000257fbef2118;  1 drivers
v00000257fbeed530_0 .net "addr", 3 0, v00000257fbeec810_0;  alias, 1 drivers
v00000257fbeece50_0 .net "instruction", 8 0, L_00000257fbba5d60;  alias, 1 drivers
v00000257fbeec130 .array "rom", 15 0, 8 0;
L_00000257fbef0330 .array/port v00000257fbeec130, L_00000257fbef0bf0;
L_00000257fbef0bf0 .concat [ 4 2 0 0], v00000257fbeec810_0, L_00000257fbef2118;
S_00000257fbba47b0 .scope begin, "$ivl_for_loop2" "$ivl_for_loop2" 8 12, 8 12 0, S_00000257fbb6e050;
 .timescale -9 -12;
v00000257fbeedd50_0 .var/2s "i", 31 0;
S_00000257fbc1e300 .scope task, "load_program" "load_program" 4 187, 4 187 0, S_00000257fbb99bd0;
 .timescale -9 -12;
v00000257fbeec6d0_0 .var/str "hex_path";
TD_tb_cpu_top.uut.load_program ;
    %vpi_call/w 4 188 "$readmemh", v00000257fbeec6d0_0, v00000257fbeec130 {0 0 0};
    %end;
S_00000257fbc1e940 .scope module, "pc_inst" "program_counter" 4 52, 9 3 0, S_00000257fbb99bd0;
 .timescale -9 -12;
    .port_info 0 /INPUT 1 "clk";
    .port_info 1 /INPUT 1 "rst_n";
    .port_info 2 /INPUT 1 "pc_write";
    .port_info 3 /INPUT 1 "halt";
    .port_info 4 /INPUT 4 "pc_next";
    .port_info 5 /OUTPUT 4 "pc";
v00000257fbeec770_0 .net "clk", 0 0, v00000257fbeef680_0;  alias, 1 drivers
v00000257fbeed850_0 .net "halt", 0 0, L_00000257fbef1eb0;  alias, 1 drivers
v00000257fbeec810_0 .var "pc", 3 0;
v00000257fbeed3f0_0 .net "pc_next", 3 0, L_00000257fbef0290;  alias, 1 drivers
v00000257fbeecb30_0 .net "pc_write", 0 0, L_00000257fbba5e40;  alias, 1 drivers
v00000257fbeeca90_0 .net "rst_n", 0 0, v00000257fbef03d0_0;  alias, 1 drivers
E_00000257fbbced40/0 .event negedge, v00000257fbeeca90_0;
E_00000257fbbced40/1 .event posedge, v00000257fbeedc10_0;
E_00000257fbbced40 .event/or E_00000257fbbced40/0, E_00000257fbbced40/1;
S_00000257fbc1e620 .scope task, "preload_ram" "preload_ram" 4 192, 4 192 0, S_00000257fbb99bd0;
 .timescale -9 -12;
v00000257fbeed990_0 .var "a", 3 0;
v00000257fbeecc70_0 .var "b", 3 0;
TD_tb_cpu_top.uut.preload_ram ;
    %load/vec4 v00000257fbeed990_0;
    %ix/load 4, 10, 0;
    %flag_set/imm 4, 0;
    %store/vec4a v00000257fbeed0d0, 4, 0;
    %load/vec4 v00000257fbeecc70_0;
    %ix/load 4, 11, 0;
    %flag_set/imm 4, 0;
    %store/vec4a v00000257fbeed0d0, 4, 0;
    %end;
S_00000257fbc1dcc0 .scope module, "rf" "register_file" 4 103, 10 3 0, S_00000257fbb99bd0;
 .timescale -9 -12;
    .port_info 0 /INPUT 1 "clk";
    .port_info 1 /INPUT 1 "rst_n";
    .port_info 2 /INPUT 1 "reg_write";
    .port_info 3 /INPUT 2 "read_reg1";
    .port_info 4 /INPUT 2 "read_reg2";
    .port_info 5 /INPUT 2 "write_reg";
    .port_info 6 /INPUT 4 "write_data";
    .port_info 7 /OUTPUT 4 "read_data1";
    .port_info 8 /OUTPUT 4 "read_data2";
v00000257fbeed7b0_0 .net "clk", 0 0, v00000257fbeef680_0;  alias, 1 drivers
v00000257fbeed170_0 .var "r0", 3 0;
v00000257fbeed350_0 .var "r1", 3 0;
v00000257fbeede90_0 .var "r2", 3 0;
v00000257fbeec8b0_0 .var "r3", 3 0;
v00000257fbeedf30_0 .var "read_data1", 3 0;
v00000257fbeec450_0 .var "read_data2", 3 0;
v00000257fbeed490_0 .net "read_reg1", 1 0, L_00000257fbef0f10;  alias, 1 drivers
v00000257fbeedb70_0 .net "read_reg2", 1 0, L_00000257fbef1a50;  1 drivers
v00000257fbeec4f0_0 .net "reg_write", 0 0, v00000257fbeec270_0;  alias, 1 drivers
v00000257fbeec1d0_0 .net "rst_n", 0 0, v00000257fbef03d0_0;  alias, 1 drivers
v00000257fbeec950_0 .net "write_data", 3 0, L_00000257fbef0830;  alias, 1 drivers
v00000257fbeecd10_0 .net "write_reg", 1 0, L_00000257fbef0150;  alias, 1 drivers
E_00000257fbbce940/0 .event anyedge, v00000257fbeec8b0_0, v00000257fbeede90_0, v00000257fbeed350_0, v00000257fbeed170_0;
E_00000257fbbce940/1 .event anyedge, v00000257fbeedb70_0, v00000257fbeed490_0;
E_00000257fbbce940 .event/or E_00000257fbbce940/0, E_00000257fbbce940/1;
    .scope S_00000257fbc1e940;
T_4 ;
    %wait E_00000257fbbced40;
    %load/vec4 v00000257fbeeca90_0;
    %nor/r;
    %flag_set/vec4 8;
    %jmp/0xz  T_4.0, 8;
    %pushi/vec4 0, 0, 4;
    %assign/vec4 v00000257fbeec810_0, 0;
    %jmp T_4.1;
T_4.0 ;
    %load/vec4 v00000257fbeed850_0;
    %nor/r;
    %flag_set/vec4 9;
    %flag_get/vec4 9;
    %jmp/0 T_4.4, 9;
    %load/vec4 v00000257fbeecb30_0;
    %and;
T_4.4;
    %flag_set/vec4 8;
    %jmp/0xz  T_4.2, 8;
    %load/vec4 v00000257fbeed3f0_0;
    %assign/vec4 v00000257fbeec810_0, 0;
T_4.2 ;
T_4.1 ;
    %jmp T_4;
    .thread T_4;
    .scope S_00000257fbb6e050;
T_5 ;
    %fork t_1, S_00000257fbba47b0;
    %jmp t_0;
    .scope S_00000257fbba47b0;
t_1 ;
    %pushi/vec4 0, 0, 32;
    %store/vec4 v00000257fbeedd50_0, 0, 32;
T_5.0 ;
    %load/vec4 v00000257fbeedd50_0;
    %cmpi/s 16, 0, 32;
    %jmp/0xz T_5.1, 5;
    %pushi/vec4 0, 0, 9;
    %ix/getv/s 4, v00000257fbeedd50_0;
    %store/vec4a v00000257fbeec130, 4, 0;
    ; show_stmt_assign_vector: Get l-value for compressed += operand
    %load/vec4 v00000257fbeedd50_0;
    %pushi/vec4 1, 0, 32;
    %add;
    %cast2;
    %store/vec4 v00000257fbeedd50_0, 0, 32;
    %jmp T_5.0;
T_5.1 ;
    %end;
    .scope S_00000257fbb6e050;
t_0 %join;
    %end;
    .thread T_5;
    .scope S_00000257fbb71160;
T_6 ;
    %wait E_00000257fbbce440;
    %pushi/vec4 0, 0, 1;
    %store/vec4 v00000257fbeec270_0, 0, 1;
    %pushi/vec4 0, 0, 1;
    %store/vec4 v00000257fbbd8d90_0, 0, 1;
    %pushi/vec4 0, 0, 1;
    %store/vec4 v00000257fbbd8f70_0, 0, 1;
    %pushi/vec4 0, 0, 1;
    %store/vec4 v00000257fbbd8ed0_0, 0, 1;
    %pushi/vec4 0, 0, 1;
    %store/vec4 v00000257fbbd8bb0_0, 0, 1;
    %pushi/vec4 0, 0, 3;
    %store/vec4 v00000257fbbd8b10_0, 0, 3;
    %pushi/vec4 0, 0, 2;
    %store/vec4 v00000257fbbc8330_0, 0, 2;
    %load/vec4 v00000257fbbd90b0_0;
    %dup/vec4;
    %pushi/vec4 0, 0, 4;
    %cmp/u;
    %jmp/1 T_6.0, 6;
    %dup/vec4;
    %pushi/vec4 1, 0, 4;
    %cmp/u;
    %jmp/1 T_6.1, 6;
    %dup/vec4;
    %pushi/vec4 2, 0, 4;
    %cmp/u;
    %jmp/1 T_6.2, 6;
    %dup/vec4;
    %pushi/vec4 3, 0, 4;
    %cmp/u;
    %jmp/1 T_6.3, 6;
    %dup/vec4;
    %pushi/vec4 4, 0, 4;
    %cmp/u;
    %jmp/1 T_6.4, 6;
    %dup/vec4;
    %pushi/vec4 5, 0, 4;
    %cmp/u;
    %jmp/1 T_6.5, 6;
    %dup/vec4;
    %pushi/vec4 6, 0, 4;
    %cmp/u;
    %jmp/1 T_6.6, 6;
    %dup/vec4;
    %pushi/vec4 7, 0, 4;
    %cmp/u;
    %jmp/1 T_6.7, 6;
    %dup/vec4;
    %pushi/vec4 8, 0, 4;
    %cmp/u;
    %jmp/1 T_6.8, 6;
    %dup/vec4;
    %pushi/vec4 9, 0, 4;
    %cmp/u;
    %jmp/1 T_6.9, 6;
    %dup/vec4;
    %pushi/vec4 10, 0, 4;
    %cmp/u;
    %jmp/1 T_6.10, 6;
    %dup/vec4;
    %pushi/vec4 11, 0, 4;
    %cmp/u;
    %jmp/1 T_6.11, 6;
    %dup/vec4;
    %pushi/vec4 12, 0, 4;
    %cmp/u;
    %jmp/1 T_6.12, 6;
    %dup/vec4;
    %pushi/vec4 13, 0, 4;
    %cmp/u;
    %jmp/1 T_6.13, 6;
    %dup/vec4;
    %pushi/vec4 14, 0, 4;
    %cmp/u;
    %jmp/1 T_6.14, 6;
    %dup/vec4;
    %pushi/vec4 15, 0, 4;
    %cmp/u;
    %jmp/1 T_6.15, 6;
    %pushi/vec4 0, 0, 3;
    %store/vec4 v00000257fbbd8b10_0, 0, 3;
    %jmp T_6.17;
T_6.0 ;
    %pushi/vec4 0, 0, 3;
    %store/vec4 v00000257fbbd8b10_0, 0, 3;
    %jmp T_6.17;
T_6.1 ;
    %pushi/vec4 1, 0, 1;
    %store/vec4 v00000257fbeec270_0, 0, 1;
    %pushi/vec4 1, 0, 1;
    %store/vec4 v00000257fbbd8d90_0, 0, 1;
    %pushi/vec4 1, 0, 1;
    %store/vec4 v00000257fbbd8ed0_0, 0, 1;
    %pushi/vec4 1, 0, 1;
    %store/vec4 v00000257fbbd8bb0_0, 0, 1;
    %pushi/vec4 0, 0, 3;
    %store/vec4 v00000257fbbd8b10_0, 0, 3;
    %pushi/vec4 0, 0, 2;
    %store/vec4 v00000257fbbc8330_0, 0, 2;
    %jmp T_6.17;
T_6.2 ;
    %pushi/vec4 1, 0, 1;
    %store/vec4 v00000257fbbd8f70_0, 0, 1;
    %pushi/vec4 1, 0, 1;
    %store/vec4 v00000257fbbd8bb0_0, 0, 1;
    %pushi/vec4 0, 0, 3;
    %store/vec4 v00000257fbbd8b10_0, 0, 3;
    %jmp T_6.17;
T_6.3 ;
    %load/vec4 v00000257fbbd8cf0_0;
    %flag_set/vec4 8;
    %jmp/0xz  T_6.18, 8;
    %pushi/vec4 1, 0, 1;
    %store/vec4 v00000257fbeec270_0, 0, 1;
    %pushi/vec4 0, 0, 1;
    %store/vec4 v00000257fbbd8ed0_0, 0, 1;
    %pushi/vec4 1, 0, 1;
    %store/vec4 v00000257fbbd8bb0_0, 0, 1;
    %pushi/vec4 7, 0, 3;
    %store/vec4 v00000257fbbd8b10_0, 0, 3;
    %pushi/vec4 0, 0, 2;
    %store/vec4 v00000257fbbc8330_0, 0, 2;
    %jmp T_6.19;
T_6.18 ;
    %pushi/vec4 1, 0, 1;
    %store/vec4 v00000257fbeec270_0, 0, 1;
    %pushi/vec4 0, 0, 1;
    %store/vec4 v00000257fbbd8ed0_0, 0, 1;
    %pushi/vec4 0, 0, 1;
    %store/vec4 v00000257fbbd8bb0_0, 0, 1;
    %pushi/vec4 7, 0, 3;
    %store/vec4 v00000257fbbd8b10_0, 0, 3;
    %pushi/vec4 1, 0, 2;
    %store/vec4 v00000257fbbc8330_0, 0, 2;
T_6.19 ;
    %jmp T_6.17;
T_6.4 ;
    %pushi/vec4 1, 0, 1;
    %store/vec4 v00000257fbeec270_0, 0, 1;
    %pushi/vec4 0, 0, 1;
    %store/vec4 v00000257fbbd8ed0_0, 0, 1;
    %pushi/vec4 0, 0, 1;
    %store/vec4 v00000257fbbd8bb0_0, 0, 1;
    %pushi/vec4 0, 0, 3;
    %store/vec4 v00000257fbbd8b10_0, 0, 3;
    %pushi/vec4 1, 0, 2;
    %store/vec4 v00000257fbbc8330_0, 0, 2;
    %jmp T_6.17;
T_6.5 ;
    %pushi/vec4 1, 0, 1;
    %store/vec4 v00000257fbeec270_0, 0, 1;
    %pushi/vec4 0, 0, 1;
    %store/vec4 v00000257fbbd8ed0_0, 0, 1;
    %pushi/vec4 0, 0, 1;
    %store/vec4 v00000257fbbd8bb0_0, 0, 1;
    %pushi/vec4 1, 0, 3;
    %store/vec4 v00000257fbbd8b10_0, 0, 3;
    %pushi/vec4 1, 0, 2;
    %store/vec4 v00000257fbbc8330_0, 0, 2;
    %jmp T_6.17;
T_6.6 ;
    %pushi/vec4 1, 0, 1;
    %store/vec4 v00000257fbeec270_0, 0, 1;
    %pushi/vec4 0, 0, 1;
    %store/vec4 v00000257fbbd8ed0_0, 0, 1;
    %pushi/vec4 0, 0, 1;
    %store/vec4 v00000257fbbd8bb0_0, 0, 1;
    %pushi/vec4 2, 0, 3;
    %store/vec4 v00000257fbbd8b10_0, 0, 3;
    %pushi/vec4 1, 0, 2;
    %store/vec4 v00000257fbbc8330_0, 0, 2;
    %jmp T_6.17;
T_6.7 ;
    %pushi/vec4 1, 0, 1;
    %store/vec4 v00000257fbeec270_0, 0, 1;
    %pushi/vec4 0, 0, 1;
    %store/vec4 v00000257fbbd8ed0_0, 0, 1;
    %pushi/vec4 0, 0, 1;
    %store/vec4 v00000257fbbd8bb0_0, 0, 1;
    %pushi/vec4 3, 0, 3;
    %store/vec4 v00000257fbbd8b10_0, 0, 3;
    %pushi/vec4 1, 0, 2;
    %store/vec4 v00000257fbbc8330_0, 0, 2;
    %jmp T_6.17;
T_6.8 ;
    %pushi/vec4 1, 0, 1;
    %store/vec4 v00000257fbeec270_0, 0, 1;
    %pushi/vec4 0, 0, 1;
    %store/vec4 v00000257fbbd8ed0_0, 0, 1;
    %pushi/vec4 0, 0, 1;
    %store/vec4 v00000257fbbd8bb0_0, 0, 1;
    %pushi/vec4 4, 0, 3;
    %store/vec4 v00000257fbbd8b10_0, 0, 3;
    %pushi/vec4 1, 0, 2;
    %store/vec4 v00000257fbbc8330_0, 0, 2;
    %jmp T_6.17;
T_6.9 ;
    %pushi/vec4 1, 0, 1;
    %store/vec4 v00000257fbeec270_0, 0, 1;
    %pushi/vec4 0, 0, 1;
    %store/vec4 v00000257fbbd8ed0_0, 0, 1;
    %pushi/vec4 0, 0, 1;
    %store/vec4 v00000257fbbd8bb0_0, 0, 1;
    %pushi/vec4 5, 0, 3;
    %store/vec4 v00000257fbbd8b10_0, 0, 3;
    %pushi/vec4 1, 0, 2;
    %store/vec4 v00000257fbbc8330_0, 0, 2;
    %jmp T_6.17;
T_6.10 ;
    %pushi/vec4 1, 0, 1;
    %store/vec4 v00000257fbeec270_0, 0, 1;
    %pushi/vec4 0, 0, 1;
    %store/vec4 v00000257fbbd8ed0_0, 0, 1;
    %pushi/vec4 0, 0, 1;
    %store/vec4 v00000257fbbd8bb0_0, 0, 1;
    %pushi/vec4 6, 0, 3;
    %store/vec4 v00000257fbbd8b10_0, 0, 3;
    %pushi/vec4 1, 0, 2;
    %store/vec4 v00000257fbbc8330_0, 0, 2;
    %jmp T_6.17;
T_6.11 ;
    %jmp T_6.17;
T_6.12 ;
    %jmp T_6.17;
T_6.13 ;
    %jmp T_6.17;
T_6.14 ;
    %pushi/vec4 0, 0, 3;
    %store/vec4 v00000257fbbd8b10_0, 0, 3;
    %jmp T_6.17;
T_6.15 ;
    %jmp T_6.17;
T_6.17 ;
    %pop/vec4 1;
    %jmp T_6;
    .thread T_6, $push;
    .scope S_00000257fbc1dcc0;
T_7 ;
    %wait E_00000257fbbced40;
    %load/vec4 v00000257fbeec1d0_0;
    %nor/r;
    %flag_set/vec4 8;
    %jmp/0xz  T_7.0, 8;
    %pushi/vec4 0, 0, 4;
    %assign/vec4 v00000257fbeed170_0, 0;
    %pushi/vec4 0, 0, 4;
    %assign/vec4 v00000257fbeed350_0, 0;
    %pushi/vec4 0, 0, 4;
    %assign/vec4 v00000257fbeede90_0, 0;
    %pushi/vec4 0, 0, 4;
    %assign/vec4 v00000257fbeec8b0_0, 0;
    %jmp T_7.1;
T_7.0 ;
    %load/vec4 v00000257fbeec4f0_0;
    %flag_set/vec4 8;
    %jmp/0xz  T_7.2, 8;
    %load/vec4 v00000257fbeecd10_0;
    %dup/vec4;
    %pushi/vec4 0, 0, 2;
    %cmp/u;
    %jmp/1 T_7.4, 6;
    %dup/vec4;
    %pushi/vec4 1, 0, 2;
    %cmp/u;
    %jmp/1 T_7.5, 6;
    %dup/vec4;
    %pushi/vec4 2, 0, 2;
    %cmp/u;
    %jmp/1 T_7.6, 6;
    %dup/vec4;
    %pushi/vec4 3, 0, 2;
    %cmp/u;
    %jmp/1 T_7.7, 6;
    %jmp T_7.8;
T_7.4 ;
    %load/vec4 v00000257fbeec950_0;
    %assign/vec4 v00000257fbeed170_0, 0;
    %jmp T_7.8;
T_7.5 ;
    %load/vec4 v00000257fbeec950_0;
    %assign/vec4 v00000257fbeed350_0, 0;
    %jmp T_7.8;
T_7.6 ;
    %load/vec4 v00000257fbeec950_0;
    %assign/vec4 v00000257fbeede90_0, 0;
    %jmp T_7.8;
T_7.7 ;
    %load/vec4 v00000257fbeec950_0;
    %assign/vec4 v00000257fbeec8b0_0, 0;
    %jmp T_7.8;
T_7.8 ;
    %pop/vec4 1;
T_7.2 ;
T_7.1 ;
    %jmp T_7;
    .thread T_7;
    .scope S_00000257fbc1dcc0;
T_8 ;
    %wait E_00000257fbbce940;
    %load/vec4 v00000257fbeed490_0;
    %dup/vec4;
    %pushi/vec4 0, 0, 2;
    %cmp/u;
    %jmp/1 T_8.0, 6;
    %dup/vec4;
    %pushi/vec4 1, 0, 2;
    %cmp/u;
    %jmp/1 T_8.1, 6;
    %dup/vec4;
    %pushi/vec4 2, 0, 2;
    %cmp/u;
    %jmp/1 T_8.2, 6;
    %dup/vec4;
    %pushi/vec4 3, 0, 2;
    %cmp/u;
    %jmp/1 T_8.3, 6;
    %pushi/vec4 0, 0, 4;
    %store/vec4 v00000257fbeedf30_0, 0, 4;
    %jmp T_8.5;
T_8.0 ;
    %load/vec4 v00000257fbeed170_0;
    %store/vec4 v00000257fbeedf30_0, 0, 4;
    %jmp T_8.5;
T_8.1 ;
    %load/vec4 v00000257fbeed350_0;
    %store/vec4 v00000257fbeedf30_0, 0, 4;
    %jmp T_8.5;
T_8.2 ;
    %load/vec4 v00000257fbeede90_0;
    %store/vec4 v00000257fbeedf30_0, 0, 4;
    %jmp T_8.5;
T_8.3 ;
    %load/vec4 v00000257fbeec8b0_0;
    %store/vec4 v00000257fbeedf30_0, 0, 4;
    %jmp T_8.5;
T_8.5 ;
    %pop/vec4 1;
    %load/vec4 v00000257fbeedb70_0;
    %dup/vec4;
    %pushi/vec4 0, 0, 2;
    %cmp/u;
    %jmp/1 T_8.6, 6;
    %dup/vec4;
    %pushi/vec4 1, 0, 2;
    %cmp/u;
    %jmp/1 T_8.7, 6;
    %dup/vec4;
    %pushi/vec4 2, 0, 2;
    %cmp/u;
    %jmp/1 T_8.8, 6;
    %dup/vec4;
    %pushi/vec4 3, 0, 2;
    %cmp/u;
    %jmp/1 T_8.9, 6;
    %pushi/vec4 0, 0, 4;
    %store/vec4 v00000257fbeec450_0, 0, 4;
    %jmp T_8.11;
T_8.6 ;
    %load/vec4 v00000257fbeed170_0;
    %store/vec4 v00000257fbeec450_0, 0, 4;
    %jmp T_8.11;
T_8.7 ;
    %load/vec4 v00000257fbeed350_0;
    %store/vec4 v00000257fbeec450_0, 0, 4;
    %jmp T_8.11;
T_8.8 ;
    %load/vec4 v00000257fbeede90_0;
    %store/vec4 v00000257fbeec450_0, 0, 4;
    %jmp T_8.11;
T_8.9 ;
    %load/vec4 v00000257fbeec8b0_0;
    %store/vec4 v00000257fbeec450_0, 0, 4;
    %jmp T_8.11;
T_8.11 ;
    %pop/vec4 1;
    %jmp T_8;
    .thread T_8, $push;
    .scope S_00000257fbb85800;
T_9 ;
    %wait E_00000257fbbced80;
    %pushi/vec4 0, 0, 4;
    %store/vec4 v00000257fbbd7b70_0, 0, 4;
    %pushi/vec4 0, 0, 1;
    %store/vec4 v00000257fbbd8430_0, 0, 1;
    %load/vec4 v00000257fbbd73f0_0;
    %dup/vec4;
    %pushi/vec4 0, 0, 3;
    %cmp/u;
    %jmp/1 T_9.0, 6;
    %dup/vec4;
    %pushi/vec4 1, 0, 3;
    %cmp/u;
    %jmp/1 T_9.1, 6;
    %dup/vec4;
    %pushi/vec4 2, 0, 3;
    %cmp/u;
    %jmp/1 T_9.2, 6;
    %dup/vec4;
    %pushi/vec4 3, 0, 3;
    %cmp/u;
    %jmp/1 T_9.3, 6;
    %dup/vec4;
    %pushi/vec4 4, 0, 3;
    %cmp/u;
    %jmp/1 T_9.4, 6;
    %dup/vec4;
    %pushi/vec4 5, 0, 3;
    %cmp/u;
    %jmp/1 T_9.5, 6;
    %dup/vec4;
    %pushi/vec4 6, 0, 3;
    %cmp/u;
    %jmp/1 T_9.6, 6;
    %load/vec4 v00000257fbbd7ad0_0;
    %store/vec4 v00000257fbbd7b70_0, 0, 4;
    %jmp T_9.8;
T_9.0 ;
    %load/vec4 v00000257fbbd7a30_0;
    %pad/u 5;
    %load/vec4 v00000257fbbd7ad0_0;
    %pad/u 5;
    %add;
    %split/vec4 4;
    %store/vec4 v00000257fbbd7b70_0, 0, 4;
    %store/vec4 v00000257fbbd8430_0, 0, 1;
    %jmp T_9.8;
T_9.1 ;
    %pushi/vec4 0, 0, 1;
    %load/vec4 v00000257fbbd7a30_0;
    %concat/vec4; draw_concat_vec4
    %pushi/vec4 0, 0, 1;
    %load/vec4 v00000257fbbd7ad0_0;
    %inv;
    %concat/vec4; draw_concat_vec4
    %add;
    %addi 1, 0, 5;
    %split/vec4 4;
    %store/vec4 v00000257fbbd7b70_0, 0, 4;
    %store/vec4 v00000257fbbd8430_0, 0, 1;
    %jmp T_9.8;
T_9.2 ;
    %load/vec4 v00000257fbbd7a30_0;
    %load/vec4 v00000257fbbd7ad0_0;
    %and;
    %store/vec4 v00000257fbbd7b70_0, 0, 4;
    %jmp T_9.8;
T_9.3 ;
    %load/vec4 v00000257fbbd7a30_0;
    %load/vec4 v00000257fbbd7ad0_0;
    %or;
    %store/vec4 v00000257fbbd7b70_0, 0, 4;
    %jmp T_9.8;
T_9.4 ;
    %load/vec4 v00000257fbbd7a30_0;
    %load/vec4 v00000257fbbd7ad0_0;
    %xor;
    %store/vec4 v00000257fbbd7b70_0, 0, 4;
    %jmp T_9.8;
T_9.5 ;
    %load/vec4 v00000257fbbd7a30_0;
    %pad/u 5;
    %addi 1, 0, 5;
    %split/vec4 4;
    %store/vec4 v00000257fbbd7b70_0, 0, 4;
    %store/vec4 v00000257fbbd8430_0, 0, 1;
    %jmp T_9.8;
T_9.6 ;
    %pushi/vec4 0, 0, 1;
    %load/vec4 v00000257fbbd7a30_0;
    %concat/vec4; draw_concat_vec4
    %addi 15, 0, 5;
    %split/vec4 4;
    %store/vec4 v00000257fbbd7b70_0, 0, 4;
    %store/vec4 v00000257fbbd8430_0, 0, 1;
    %jmp T_9.8;
T_9.8 ;
    %pop/vec4 1;
    %jmp T_9;
    .thread T_9, $push;
    .scope S_00000257fbb712f0;
T_10 ;
    %fork t_3, S_00000257fbb6dec0;
    %jmp t_2;
    .scope S_00000257fbb6dec0;
t_3 ;
    %pushi/vec4 0, 0, 32;
    %store/vec4 v00000257fbeedcb0_0, 0, 32;
T_10.0 ;
    %load/vec4 v00000257fbeedcb0_0;
    %cmpi/s 16, 0, 32;
    %jmp/0xz T_10.1, 5;
    %pushi/vec4 0, 0, 4;
    %ix/getv/s 4, v00000257fbeedcb0_0;
    %store/vec4a v00000257fbeed0d0, 4, 0;
    %load/vec4 v00000257fbeedcb0_0;
    %addi 1, 0, 32;
    %cast2;
    %store/vec4 v00000257fbeedcb0_0, 0, 32;
    %jmp T_10.0;
T_10.1 ;
    %end;
    .scope S_00000257fbb712f0;
t_2 %join;
    %end;
    .thread T_10;
    .scope S_00000257fbb712f0;
T_11 ;
    %wait E_00000257fbbcf180;
    %load/vec4 v00000257fbeec630_0;
    %flag_set/vec4 8;
    %jmp/0xz  T_11.0, 8;
    %load/vec4 v00000257fbeec3b0_0;
    %load/vec4 v00000257fbeec590_0;
    %pad/u 6;
    %ix/vec4 3;
    %ix/load 4, 0, 0; Constant delay
    %assign/vec4/a/d v00000257fbeed0d0, 0, 4;
T_11.0 ;
    %jmp T_11;
    .thread T_11;
    .scope S_00000257fbb99bd0;
T_12 ;
    %wait E_00000257fbbced40;
    %load/vec4 v00000257fbeeed20_0;
    %nor/r;
    %flag_set/vec4 8;
    %jmp/0xz  T_12.0, 8;
    %pushi/vec4 0, 0, 1;
    %assign/vec4 v00000257fbeef5e0_0, 0;
    %pushi/vec4 0, 0, 1;
    %assign/vec4 v00000257fbeef7c0_0, 0;
    %jmp T_12.1;
T_12.0 ;
    %load/vec4 v00000257fbeef860_0;
    %assign/vec4 v00000257fbeef5e0_0, 0;
    %load/vec4 v00000257fbeee460_0;
    %assign/vec4 v00000257fbeef7c0_0, 0;
T_12.1 ;
    %jmp T_12;
    .thread T_12;
    .scope S_00000257fbb99bd0;
T_13 ;
    %wait E_00000257fbbced40;
    %load/vec4 v00000257fbeeed20_0;
    %nor/r;
    %flag_set/vec4 8;
    %jmp/0xz  T_13.0, 8;
    %pushi/vec4 0, 0, 4;
    %assign/vec4 v00000257fbeef360_0, 0;
    %jmp T_13.1;
T_13.0 ;
    %load/vec4 v00000257fbeee320_0;
    %cmpi/e 14, 0, 4;
    %jmp/0xz  T_13.2, 4;
    %load/vec4 v00000257fbeef540_0;
    %assign/vec4 v00000257fbeef360_0, 0;
T_13.2 ;
T_13.1 ;
    %jmp T_13;
    .thread T_13;
    .scope S_00000257fbbde120;
T_14 ;
    %pushi/vec4 0, 0, 1;
    %store/vec4 v00000257fbeef680_0, 0, 1;
    %end;
    .thread T_14;
    .scope S_00000257fbbde120;
T_15 ;
    %delay 5000, 0;
    %load/vec4 v00000257fbeef680_0;
    %inv;
    %store/vec4 v00000257fbeef680_0, 0, 1;
    %jmp T_15;
    .thread T_15;
    .scope S_00000257fbbde120;
T_16 ;
    %wait E_00000257fbbcf180;
    %load/vec4 v00000257fbeee320_0;
    %assign/vec4 v00000257fbef0dd0_0, 0;
    %load/vec4 v00000257fbeeef00_0;
    %flag_set/vec4 9;
    %flag_get/vec4 9;
    %jmp/0 T_16.2, 9;
    %load/vec4 v00000257fbef0dd0_0;
    %pushi/vec4 14, 0, 4;
    %cmp/e;
    %flag_get/vec4 4;
    %and;
T_16.2;
    %flag_set/vec4 8;
    %jmp/0xz  T_16.0, 8;
    %load/vec4 v00000257fbeef9a0_0;
    %cmpi/s 8, 0, 32;
    %jmp/0xz  T_16.3, 5;
    %load/vec4 v00000257fbef0790_0;
    %ix/getv/s 4, v00000257fbeef9a0_0;
    %store/vec4a v00000257fbef1ff0, 4, 0;
    %load/vec4 v00000257fbeef9a0_0;
    %addi 1, 0, 32;
    %cast2;
    %store/vec4 v00000257fbeef9a0_0, 0, 32;
T_16.3 ;
T_16.0 ;
    %jmp T_16;
    .thread T_16;
    .scope S_00000257fbbde120;
T_17 ;
    %vpi_call/w 3 86 "$display", "TB INITIAL START" {0 0 0};
    %vpi_call/w 3 87 "$fflush" {0 0 0};
    %vpi_call/w 3 89 "$dumpfile", "cpu_top.vcd" {0 0 0};
    %vpi_call/w 3 90 "$dumpvars", 32'sb00000000000000000000000000000000, S_00000257fbbde120 {0 0 0};
    %pushi/vec4 0, 0, 32;
    %store/vec4 v00000257fbef1550_0, 0, 32;
    %pushi/vec4 0, 0, 32;
    %store/vec4 v00000257fbeef900_0, 0, 32;
    %pushi/vec4 0, 0, 32;
    %store/vec4 v00000257fbeef9a0_0, 0, 32;
    %pushi/vec4 0, 0, 1;
    %store/vec4 v00000257fbeeef00_0, 0, 1;
    %pushi/str "MUL";
    %store/str v00000257fbbd81b0_0;
    %pushi/str "sim/mul.hex";
    %store/str v00000257fbbd8390_0;
    %pushi/vec4 3, 0, 4;
    %store/vec4 v00000257fbbd7c10_0, 0, 4;
    %pushi/vec4 4, 0, 4;
    %store/vec4 v00000257fbbd7850_0, 0, 4;
    %pushi/vec4 1, 0, 1;
    %store/vec4 v00000257fbbd7350_0, 0, 1;
    %fork TD_tb_cpu_top.run_demo, S_00000257fbb99a40;
    %join;
    %load/vec4 v00000257fbef0790_0;
    %cmpi/e 12, 0, 4;
    %flag_get/vec4 4;
    %jmp/0 T_17.2, 4;
    %ix/load 4, 12, 0;
    %flag_set/imm 4, 0;
    %load/vec4a v00000257fbeed0d0, 4;
    %pushi/vec4 12, 0, 4;
    %cmp/e;
    %flag_get/vec4 4;
    %and;
T_17.2;
    %nor/r;
    %flag_set/vec4 8;
    %jmp/0xz  T_17.0, 8;
    %vpi_call/w 3 100 "$error", "MUL VALUE CHECK FAILED: out_port=%0d Mem[12]=%0d", v00000257fbef0790_0, &A<v00000257fbeed0d0, 12> {0 0 0};
    %load/vec4 v00000257fbeef900_0;
    %addi 1, 0, 32;
    %cast2;
    %store/vec4 v00000257fbeef900_0, 0, 32;
    %jmp T_17.1;
T_17.0 ;
    %vpi_call/w 3 104 "$display", "MUL value check OK: OUT=12, Mem[12]=12" {0 0 0};
T_17.1 ;
    %pushi/str "ADD";
    %store/str v00000257fbbd81b0_0;
    %pushi/str "sim/prog.hex";
    %store/str v00000257fbbd8390_0;
    %pushi/vec4 5, 0, 4;
    %store/vec4 v00000257fbbd7c10_0, 0, 4;
    %pushi/vec4 7, 0, 4;
    %store/vec4 v00000257fbbd7850_0, 0, 4;
    %pushi/vec4 1, 0, 1;
    %store/vec4 v00000257fbbd7350_0, 0, 1;
    %fork TD_tb_cpu_top.run_demo, S_00000257fbb99a40;
    %join;
    %load/vec4 v00000257fbef0790_0;
    %cmpi/e 12, 0, 4;
    %flag_get/vec4 4;
    %jmp/0 T_17.5, 4;
    %ix/load 4, 12, 0;
    %flag_set/imm 4, 0;
    %load/vec4a v00000257fbeed0d0, 4;
    %pushi/vec4 12, 0, 4;
    %cmp/e;
    %flag_get/vec4 4;
    %and;
T_17.5;
    %nor/r;
    %flag_set/vec4 8;
    %jmp/0xz  T_17.3, 8;
    %vpi_call/w 3 110 "$error", "ADD VALUE CHECK FAILED: out_port=%0d Mem[12]=%0d", v00000257fbef0790_0, &A<v00000257fbeed0d0, 12> {0 0 0};
    %load/vec4 v00000257fbeef900_0;
    %addi 1, 0, 32;
    %cast2;
    %store/vec4 v00000257fbeef900_0, 0, 32;
    %jmp T_17.4;
T_17.3 ;
    %vpi_call/w 3 114 "$display", "ADD value check OK: OUT=12, Mem[12]=12" {0 0 0};
T_17.4 ;
    %pushi/vec4 0, 0, 32;
    %store/vec4 v00000257fbeef9a0_0, 0, 32;
    %pushi/vec4 1, 0, 1;
    %store/vec4 v00000257fbeeef00_0, 0, 1;
    %pushi/str "FIB";
    %store/str v00000257fbbd81b0_0;
    %pushi/str "sim/fib.hex";
    %store/str v00000257fbbd8390_0;
    %pushi/vec4 0, 0, 4;
    %store/vec4 v00000257fbbd7c10_0, 0, 4;
    %pushi/vec4 0, 0, 4;
    %store/vec4 v00000257fbbd7850_0, 0, 4;
    %pushi/vec4 0, 0, 1;
    %store/vec4 v00000257fbbd7350_0, 0, 1;
    %fork TD_tb_cpu_top.run_demo, S_00000257fbb99a40;
    %join;
    %pushi/vec4 0, 0, 1;
    %store/vec4 v00000257fbeeef00_0, 0, 1;
    %vpi_call/w 3 123 "$display", "FIB OUT sequence captured (%0d values):", v00000257fbeef9a0_0 {0 0 0};
    %fork t_5, S_00000257fbbe12a0;
    %jmp t_4;
    .scope S_00000257fbbe12a0;
t_5 ;
    %pushi/vec4 0, 0, 32;
    %store/vec4 v00000257fbbd7710_0, 0, 32;
T_17.6 ;
    %load/vec4 v00000257fbbd7710_0;
    %load/vec4 v00000257fbeef9a0_0;
    %cmp/s;
    %jmp/0xz T_17.7, 5;
    %vpi_call/w 3 125 "$display", "  OUT[%0d] = %0d", v00000257fbbd7710_0, &A<v00000257fbef1ff0, v00000257fbbd7710_0 > {0 0 0};
    %load/vec4 v00000257fbbd7710_0;
    %addi 1, 0, 32;
    %cast2;
    %store/vec4 v00000257fbbd7710_0, 0, 32;
    %jmp T_17.6;
T_17.7 ;
    %end;
    .scope S_00000257fbbde120;
t_4 %join;
    %load/vec4 v00000257fbeef9a0_0;
    %cmpi/ne 6, 0, 32;
    %jmp/0xz  T_17.8, 4;
    %vpi_call/w 3 129 "$error", "FIB SEQUENCE LENGTH FAILED: got %0d, expected 6", v00000257fbeef9a0_0 {0 0 0};
    %load/vec4 v00000257fbeef900_0;
    %addi 1, 0, 32;
    %cast2;
    %store/vec4 v00000257fbeef900_0, 0, 32;
    %jmp T_17.9;
T_17.8 ;
    %fork t_7, S_00000257fbbe1430;
    %jmp t_6;
    .scope S_00000257fbbe1430;
t_7 ;
    %ix/load 4, 0, 0;
    %flag_set/imm 4, 0;
    %load/vec4a v00000257fbef1ff0, 4;
    %cmpi/e 1, 0, 4;
    %flag_get/vec4 4;
    %jmp/0 T_17.14, 4;
    %ix/load 4, 1, 0;
    %flag_set/imm 4, 0;
    %load/vec4a v00000257fbef1ff0, 4;
    %pushi/vec4 1, 0, 4;
    %cmp/e;
    %flag_get/vec4 4;
    %and;
T_17.14;
    %flag_set/vec4 11;
    %flag_get/vec4 11;
    %jmp/0 T_17.13, 11;
    %ix/load 4, 2, 0;
    %flag_set/imm 4, 0;
    %load/vec4a v00000257fbef1ff0, 4;
    %pushi/vec4 2, 0, 4;
    %cmp/e;
    %flag_get/vec4 4;
    %and;
T_17.13;
    %flag_set/vec4 10;
    %flag_get/vec4 10;
    %jmp/0 T_17.12, 10;
    %ix/load 4, 3, 0;
    %flag_set/imm 4, 0;
    %load/vec4a v00000257fbef1ff0, 4;
    %pushi/vec4 3, 0, 4;
    %cmp/e;
    %flag_get/vec4 4;
    %and;
T_17.12;
    %flag_set/vec4 9;
    %flag_get/vec4 9;
    %jmp/0 T_17.11, 9;
    %ix/load 4, 4, 0;
    %flag_set/imm 4, 0;
    %load/vec4a v00000257fbef1ff0, 4;
    %pushi/vec4 5, 0, 4;
    %cmp/e;
    %flag_get/vec4 4;
    %and;
T_17.11;
    %flag_set/vec4 8;
    %flag_get/vec4 8;
    %jmp/0 T_17.10, 8;
    %ix/load 4, 5, 0;
    %flag_set/imm 4, 0;
    %load/vec4a v00000257fbef1ff0, 4;
    %pushi/vec4 8, 0, 4;
    %cmp/e;
    %flag_get/vec4 4;
    %and;
T_17.10;
    %cast2;
    %store/vec4 v00000257fbbd8c50_0, 0, 1;
    %load/vec4 v00000257fbbd8c50_0;
    %nor/r;
    %flag_set/vec4 8;
    %jmp/0xz  T_17.15, 8;
    %vpi_call/w 3 137 "$error", "FIB SEQUENCE MISMATCH: expected 1,1,2,3,5,8" {0 0 0};
    %load/vec4 v00000257fbeef900_0;
    %addi 1, 0, 32;
    %cast2;
    %store/vec4 v00000257fbeef900_0, 0, 32;
    %jmp T_17.16;
T_17.15 ;
    %vpi_call/w 3 140 "$display", "FIB sequence OK: 1,1,2,3,5,8 (full match, no off-by-one)" {0 0 0};
T_17.16 ;
    %end;
    .scope S_00000257fbbde120;
t_6 %join;
T_17.9 ;
    %vpi_call/w 3 144 "$display", "========================================" {0 0 0};
    %vpi_call/w 3 145 "$display", "RESULT: %0d PASS, %0d FAIL", v00000257fbef1550_0, v00000257fbeef900_0 {0 0 0};
    %vpi_call/w 3 146 "$display", "========================================" {0 0 0};
    %load/vec4 v00000257fbeef900_0;
    %cmpi/e 0, 0, 32;
    %jmp/0xz  T_17.17, 4;
    %vpi_call/w 3 148 "$display", "ALL TESTS PASSED" {0 0 0};
    %jmp T_17.18;
T_17.17 ;
    %vpi_call/w 3 150 "$display", "SOME TESTS FAILED" {0 0 0};
T_17.18 ;
    %vpi_call/w 3 152 "$finish" {0 0 0};
    %end;
    .thread T_17;
# The file index is used to find the file name in the following table.
:file_names 11;
    "N/A";
    "<interactive>";
    "-";
    "tb\tb_cpu_top.v";
    "rtl\cpu_top.v";
    "rtl\alu_4bit.v";
    "rtl\control_unit.v";
    "rtl\data_memory.v";
    "rtl\instruction_memory.v";
    "rtl\program_counter.v";
    "rtl\register_file.v";
